Traceback (most recent call last):
  File "/home/codespace/.local/lib/python3.12/site-packages/jupyter_core/utils/__init__.py", line 154, in wrapped
    asyncio.get_running_loop()
RuntimeError: no running event loop

During handling of the above exception, another exception occurred:

Traceback (most recent call last):
  File "/usr/local/python/3.12.1/lib/python3.12/site-packages/jupyter_cache/executors/utils.py", line 58, in single_nb_execution
    executenb(
  File "/home/codespace/.local/lib/python3.12/site-packages/nbclient/client.py", line 1319, in execute
    return NotebookClient(nb=nb, resources=resources, km=km, **kwargs).execute()
           ^^^^^^^^^^^^^^^^^^^^^^^^^^^^^^^^^^^^^^^^^^^^^^^^^^^^^^^^^^^^^^^^^^^^^
  File "/home/codespace/.local/lib/python3.12/site-packages/jupyter_core/utils/__init__.py", line 158, in wrapped
    return loop.run_until_complete(inner)
           ^^^^^^^^^^^^^^^^^^^^^^^^^^^^^^
  File "/usr/local/python/3.12.1/lib/python3.12/asyncio/base_events.py", line 684, in run_until_complete
    return future.result()
           ^^^^^^^^^^^^^^^
  File "/home/codespace/.local/lib/python3.12/site-packages/nbclient/client.py", line 709, in async_execute
    await self.async_execute_cell(
  File "/home/codespace/.local/lib/python3.12/site-packages/nbclient/client.py", line 1062, in async_execute_cell
    await self._check_raise_for_error(cell, cell_index, exec_reply)
  File "/home/codespace/.local/lib/python3.12/site-packages/nbclient/client.py", line 918, in _check_raise_for_error
    raise CellExecutionError.from_cell_and_msg(cell, exec_reply_content)
nbclient.exceptions.CellExecutionError: An error occurred while executing the following cell:
------------------
project/
â”‚
â”œâ”€â”€ data/                           # Folder data suara mentah
â”‚   â”œâ”€â”€ user1/
â”‚   â”‚   â”œâ”€â”€ buka/                   # Contoh perintah "buka" dari user1
â”‚   â”‚   â””â”€â”€ tutup/                  # Contoh perintah "tutup" dari user1
â”‚   â”œâ”€â”€ user2/
â”‚   â””â”€â”€ voice_dataset.csv           # Metadata hasil ekstraksi fitur suara
â”‚
â”œâ”€â”€ models/                         # Model hasil pelatihan (tersimpan .pkl)
â”‚   â”œâ”€â”€ feature_cols.pkl            # Kolom fitur yang digunakan saat training
â”‚   â”œâ”€â”€ status_model.pkl            # Model klasifikasi status (buka/tutup)
â”‚   â””â”€â”€ user_model.pkl              # Model klasifikasi pengguna (user1/user2)
â”‚
â”œâ”€â”€ utils/
â”‚   â”œâ”€â”€ __init__.py                 # Penanda folder Python package
â”‚   â”œâ”€â”€ feature_extraction.py       # Fungsi ekstraksi fitur audio (MFCC, Zero-Cross, dll.)
â”‚   â””â”€â”€ feature_extraction.py              # ðŸ”¥ Fungsi utama: training, evaluasi, dan prediksi model
â”‚
â”œâ”€â”€ app.py                          # Aplikasi utama (misal Streamlit / Flask)
â”œâ”€â”€ generate_dataset.py             # Membuat CSV dataset dari folder suara mentah
â”œâ”€â”€ train_model.py                  # Melatih model utama (status + user)
â”œâ”€â”€ train_status.py                 # Melatih model pengenalan status buka/tutup
â”œâ”€â”€ train_user.py                   # Melatih model pengenalan user (speaker)
â”œâ”€â”€ requirements.txt                # Daftar library Python yang dibutuhkan
â””â”€â”€ README.md                       # Dokumentasi proyek

------------------


  [36mCell[39m[36m [39m[32mIn[1][39m[32m, line 2[39m
[31m    [39m[31mâ”‚[39m
    ^
[31mSyntaxError[39m[31m:[39m invalid character 'â”‚' (U+2502)


